d:\github\egp-410\gameai\component steering sdl\debug\vc141.pdb
d:\github\egp-410\gameai\component steering sdl\debug\vc141.idb
d:\github\egp-410\gameai\component steering sdl\debug\font.obj
d:\github\egp-410\gameai\component steering sdl\debug\game.obj
d:\github\egp-410\gameai\component steering sdl\debug\gamemessage.obj
d:\github\egp-410\gameai\component steering sdl\debug\gamemessagemanager.obj
d:\github\egp-410\gameai\component steering sdl\debug\graphicsbuffer.obj
d:\github\egp-410\gameai\component steering sdl\debug\graphicsbuffermanager.obj
d:\github\egp-410\gameai\component steering sdl\debug\graphicssystem.obj
d:\github\egp-410\gameai\component steering sdl\debug\inputsystem.obj
d:\github\egp-410\gameai\component steering sdl\debug\main.obj
d:\github\egp-410\gameai\component steering sdl\debug\physicscomponent.obj
d:\github\egp-410\gameai\component steering sdl\debug\playermovetomessage.obj
d:\github\egp-410\gameai\component steering sdl\debug\positioncomponent.obj
d:\github\egp-410\gameai\component steering sdl\debug\renderer.obj
d:\github\egp-410\gameai\component steering sdl\debug\seeksteering.obj
d:\github\egp-410\gameai\component steering sdl\debug\sprite.obj
d:\github\egp-410\gameai\component steering sdl\debug\spritemanager.obj
d:\github\egp-410\gameai\component steering sdl\debug\steering.obj
d:\github\egp-410\gameai\component steering sdl\debug\steeringcomponent.obj
d:\github\egp-410\gameai\component steering sdl\debug\unit.obj
d:\github\egp-410\gameai\component steering sdl\debug\unitmanager.obj
d:\github\egp-410\gameai\component steering sdl\debug\color.obj
d:\github\egp-410\gameai\component steering sdl\debug\component.obj
d:\github\egp-410\gameai\component steering sdl\debug\componentmanager.obj
d:\github\egp-410\gameai\component steering sdl\debug\arrivesteering.obj
d:\github\egp-410\gameai\component steering sdl\debug\facesteering.obj
d:\github\egp-410\gameai\component steering sdl\debug\wandersteering.obj
d:\github\egp-410\gameai\component steering sdl\debug\arriveandfacesteering.obj
d:\github\egp-410\gameai\component steering sdl\debug\wanderandchasesteering.obj
d:\github\egp-410\gameai\component steering sdl\debug\alignment.obj
d:\github\egp-410\gameai\component steering sdl\debug\cohesion.obj
d:\github\egp-410\gameai\component steering sdl\debug\separation.obj
d:\github\egp-410\gameai\component steering sdl\debug\flocksteering.obj
d:\github\egp-410\gameai\component steering sdl\debug\blendedsteer.obj
d:\github\egp-410\gameai\component steering sdl\debug\facesteering.new.obj.enc
d:\github\egp-410\gameai\component steering sdl\debug\steering.ilk
d:\github\egp-410\gameai\component steering sdl\debug\steering.pdb
d:\github\egp-410\gameai\component steering sdl\debug\steering.exe
d:\github\egp-410\gameai\component steering sdl\debug\steering.tlog\cl.command.1.tlog
d:\github\egp-410\gameai\component steering sdl\debug\steering.tlog\cl.read.1.tlog
d:\github\egp-410\gameai\component steering sdl\debug\steering.tlog\cl.write.1.tlog
d:\github\egp-410\gameai\component steering sdl\debug\steering.tlog\link.command.1.tlog
d:\github\egp-410\gameai\component steering sdl\debug\steering.tlog\link.read.1.tlog
d:\github\egp-410\gameai\component steering sdl\debug\steering.tlog\link.write.1.tlog
