d:\github\egp-410\gameai\pathfinding\game\debug\vc141.pdb
d:\github\egp-410\gameai\pathfinding\game\debug\vc141.idb
d:\github\egp-410\gameai\pathfinding\game\debug\graph.obj
d:\github\egp-410\gameai\pathfinding\game\debug\gamemessagemanager.obj
d:\github\egp-410\gameai\pathfinding\game\debug\gamemessage.obj
d:\github\egp-410\gameai\pathfinding\game\debug\gameapp.obj
d:\github\egp-410\gameai\pathfinding\game\debug\dijkstrapath.obj
d:\github\egp-410\gameai\pathfinding\game\debug\depthfirstpathfinder.obj
d:\github\egp-410\gameai\pathfinding\game\debug\debugdisplay.obj
d:\github\egp-410\gameai\pathfinding\game\debug\connection.obj
d:\github\egp-410\gameai\pathfinding\game\debug\astar.obj
d:\github\egp-410\gameai\pathfinding\game\debug\spritemanager.obj
d:\github\egp-410\gameai\pathfinding\game\debug\sprite.obj
d:\github\egp-410\gameai\pathfinding\game\debug\renderer.obj
d:\github\egp-410\gameai\pathfinding\game\debug\gridvisualizer.obj
d:\github\egp-410\gameai\pathfinding\game\debug\grid.obj
d:\github\egp-410\gameai\pathfinding\game\debug\graphicssystem.obj
d:\github\egp-410\gameai\pathfinding\game\debug\graphicsbuffermanager.obj
d:\github\egp-410\gameai\pathfinding\game\debug\graphicsbuffer.obj
d:\github\egp-410\gameai\pathfinding\game\debug\game.obj
d:\github\egp-410\gameai\pathfinding\game\debug\font.obj
d:\github\egp-410\gameai\pathfinding\game\debug\color.obj
d:\github\egp-410\gameai\pathfinding\game\debug\pathtomessage.obj
d:\github\egp-410\gameai\pathfinding\game\debug\pathfindingdebugcontent.obj
d:\github\egp-410\gameai\pathfinding\game\debug\pathfinder.obj
d:\github\egp-410\gameai\pathfinding\game\debug\path.obj
d:\github\egp-410\gameai\pathfinding\game\debug\node.obj
d:\github\egp-410\gameai\pathfinding\game\debug\main.obj
d:\github\egp-410\gameai\pathfinding\game\debug\inputsystem.obj
d:\github\egp-410\gameai\pathfinding\game\debug\gridpathfinder.obj
d:\github\egp-410\gameai\pathfinding\game\debug\gridgraph.obj
d:\github\egp-410\gameai\pathfinding\game\debug\pathfinding.tlog\cl.command.1.tlog
d:\github\egp-410\gameai\pathfinding\game\debug\pathfinding.tlog\cl.read.1.tlog
d:\github\egp-410\gameai\pathfinding\game\debug\pathfinding.tlog\cl.write.1.tlog
